#
# There is insufficient memory for the Java Runtime Environment to continue.
# Native memory allocation (mmap) failed to map 134217728 bytes for G1 virtual space
# Possible reasons:
#   The system is out of physical RAM or swap space
#   The process is running with CompressedOops enabled, and the Java Heap may be blocking the growth of the native heap
# Possible solutions:
#   Reduce memory load on the system
#   Increase physical memory or swap space
#   Check if swap backing store is full
#   Decrease Java heap size (-Xmx/-Xms)
#   Decrease number of Java threads
#   Decrease Java thread stack sizes (-Xss)
#   Set larger code cache with -XX:ReservedCodeCacheSize=
#   JVM is running with Unscaled Compressed Oops mode in which the Java heap is
#     placed in the first 4GB address space. The Java Heap base address is the
#     maximum limit for the native heap growth. Please use -XX:HeapBaseMinAddress
#     to set the Java Heap base and to place the Java Heap above 4GB virtual address.
# This output file may be truncated or incomplete.
#
#  Out of Memory Error (os_windows.cpp:3536), pid=30816, tid=20400
#
# JRE version:  (19.0.2+7) (build )
# Java VM: OpenJDK 64-Bit Server VM (19.0.2+7-44, mixed mode, emulated-client, sharing, tiered, compressed oops, compressed class ptrs, g1 gc, windows-amd64)
# No core dump will be written. Minidumps are not enabled by default on client versions of Windows
#

---------------  S U M M A R Y ------------

Command Line: -XX:TieredStopAtLevel=1 -Dspring.output.ansi.enabled=always -Dcom.sun.management.jmxremote -Dspring.jmx.enabled=true -Dspring.liveBeansView.mbeanDomain -Dspring.application.admin.enabled=true -Dmanagement.endpoints.jmx.exposure.include=* -javaagent:D:\int\lib\idea_rt.jar=6157:D:\int\bin -Dfile.encoding=UTF-8 -Dsun.stdout.encoding=UTF-8 -Dsun.stderr.encoding=UTF-8 com.pma.afford.AffordabilityApplication

Host: Intel(R) Core(TM) i7-3720QM CPU @ 2.60GHz, 8 cores, 7G,  Windows 10 , 64 bit Build 19041 (10.0.19041.2546)
Time: Fri Apr  7 15:09:59 2023 Atlantic Daylight Time elapsed time: 0.086205 seconds (0d 0h 0m 0s)

---------------  T H R E A D  ---------------

Current thread (0x000001b3c54a1b70):  JavaThread "Unknown thread" [_thread_in_vm, id=20400, stack(0x00000054cd600000,0x00000054cd700000)]

Stack: [0x00000054cd600000,0x00000054cd700000]
Native frames: (J=compiled Java code, j=interpreted, Vv=VM code, C=native code)
V  [jvm.dll+0x6ee21a]
V  [jvm.dll+0x85765e]
V  [jvm.dll+0x85904e]
V  [jvm.dll+0x859703]
V  [jvm.dll+0x28298f]
V  [jvm.dll+0x6eb009]
V  [jvm.dll+0x6dfbaa]
V  [jvm.dll+0x3573f6]
V  [jvm.dll+0x35ee56]
V  [jvm.dll+0x3b541e]
V  [jvm.dll+0x3b564f]
V  [jvm.dll+0x32c9ea]
V  [jvm.dll+0x32d89e]
V  [jvm.dll+0x821780]
V  [jvm.dll+0x3c2661]
V  [jvm.dll+0x801f51]
V  [jvm.dll+0x44ae8f]
V  [jvm.dll+0x44c811]
C  [jli.dll+0x5287]
C  [ucrtbase.dll+0x21bb2]
C  [KERNEL32.DLL+0x17614]
C  [ntdll.dll+0x526a1]


---------------  P R O C E S S  ---------------

Threads class SMR info:
_java_thread_list=0x00007ffa1072d048, length=0, elements={
}

Java Threads: ( => current thread )

Other Threads:
  0x000001b3c5501830 WorkerThread "GC Thread#0" [stack: 0x00000054cd700000,0x00000054cd800000] [id=6200]
  0x000001b3c5512540 ConcurrentGCThread "G1 Main Marker" [stack: 0x00000054cd800000,0x00000054cd900000] [id=6576]
  0x000001b3c5512e80 WorkerThread "G1 Conc#0" [stack: 0x00000054cd900000,0x00000054cda00000] [id=18512]

[error occurred during error reporting (printing all threads), id 0xc0000005, EXCEPTION_ACCESS_VIOLATION (0xc0000005) at pc=0x00007ffa0feed427]

VM state: not at safepoint (not fully initialized)

VM Mutex/Monitor currently owned by a thread:  ([mutex/lock_event])
[0x000001b3c549cad0] Heap_lock - owner thread: 0x000001b3c54a1b70

Heap address: 0x0000000081800000, size: 2024 MB, Compressed Oops mode: 32-bit

CDS archive(s) mapped at: [0x0000000000000000-0x0000000000000000-0x0000000000000000), size 0, SharedBaseAddress: 0x0000000800000000, ArchiveRelocationMode: 0.
Narrow klass base: 0x0000000000000000, Narrow klass shift: 0, Narrow klass range: 0x0

GC Precious Log:
 CardTable entry size: 512
 Card Set container configuration: InlinePtr #cards 5 size 8 Array Of Cards #cards 12 size 40 Howl #buckets 4 coarsen threshold 1843 Howl Bitmap #cards 512 size 80 coarsen threshold 460 Card regions per heap region 1 cards per card region 2048

Heap:
 garbage-first heap   total 0K, used 0K [0x0000000081800000, 0x0000000100000000)
  region size 1024K, 0 young (0K), 0 survivors (0K)

[error occurred during error reporting (printing heap information), id 0xc0000005, EXCEPTION_ACCESS_VIOLATION (0xc0000005) at pc=0x00007ffa102f6649]

GC Heap History (0 events):
No events

Dll operation events (1 events):
Event: 0.024 Loaded shared library C:\Users\Admin\.jdks\openjdk-19.0.2\bin\java.dll

Deoptimization events (0 events):
No events

Classes loaded (0 events):
No events

Classes unloaded (0 events):
No events

Classes redefined (0 events):
No events

Internal exceptions (0 events):
No events

VM Operations (0 events):
No events

Events (0 events):
No events


Dynamic libraries:
0x00007ff7b3870000 - 0x00007ff7b387e000 	C:\Users\Admin\.jdks\openjdk-19.0.2\bin\java.exe
0x00007ffa8b890000 - 0x00007ffa8ba88000 	C:\Windows\SYSTEM32\ntdll.dll
0x00007ffa8add0000 - 0x00007ffa8ae8f000 	C:\Windows\System32\KERNEL32.DLL
0x00007ffa892f0000 - 0x00007ffa895c2000 	C:\Windows\System32\KERNELBASE.dll
0x00007ffa895d0000 - 0x00007ffa896d0000 	C:\Windows\System32\ucrtbase.dll
0x00007ffa836c0000 - 0x00007ffa836db000 	C:\Users\Admin\.jdks\openjdk-19.0.2\bin\VCRUNTIME140.dll
0x00007ffa83010000 - 0x00007ffa83027000 	C:\Users\Admin\.jdks\openjdk-19.0.2\bin\jli.dll
0x00007ffa89b10000 - 0x00007ffa89cb1000 	C:\Windows\System32\USER32.dll
0x00007ffa6f7a0000 - 0x00007ffa6fa3a000 	C:\Windows\WinSxS\amd64_microsoft.windows.common-controls_6595b64144ccf1df_6.0.19041.1110_none_60b5254171f9507e\COMCTL32.dll
0x00007ffa89720000 - 0x00007ffa89742000 	C:\Windows\System32\win32u.dll
0x00007ffa89940000 - 0x00007ffa899de000 	C:\Windows\System32\msvcrt.dll
0x00007ffa89ef0000 - 0x00007ffa89f1b000 	C:\Windows\System32\GDI32.dll
0x00007ffa89150000 - 0x00007ffa8925f000 	C:\Windows\System32\gdi32full.dll
0x00007ffa88f90000 - 0x00007ffa8902d000 	C:\Windows\System32\msvcp_win.dll
0x00007ffa89e30000 - 0x00007ffa89e60000 	C:\Windows\System32\IMM32.DLL
0x00007ffa848f0000 - 0x00007ffa848fc000 	C:\Users\Admin\.jdks\openjdk-19.0.2\bin\vcruntime140_1.dll
0x00007ffa82f80000 - 0x00007ffa8300e000 	C:\Users\Admin\.jdks\openjdk-19.0.2\bin\msvcp140.dll
0x00007ffa0fbb0000 - 0x00007ffa10870000 	C:\Users\Admin\.jdks\openjdk-19.0.2\bin\server\jvm.dll
0x00007ffa8a9d0000 - 0x00007ffa8aa7e000 	C:\Windows\System32\ADVAPI32.dll
0x00007ffa8b290000 - 0x00007ffa8b32c000 	C:\Windows\System32\sechost.dll
0x00007ffa899e0000 - 0x00007ffa89b04000 	C:\Windows\System32\RPCRT4.dll
0x00007ffa696c0000 - 0x00007ffa696c9000 	C:\Windows\SYSTEM32\WSOCK32.dll
0x00007ffa8ad60000 - 0x00007ffa8adcb000 	C:\Windows\System32\WS2_32.dll
0x00007ffa78020000 - 0x00007ffa78047000 	C:\Windows\SYSTEM32\WINMM.dll
0x00007ffa79510000 - 0x00007ffa7951a000 	C:\Windows\SYSTEM32\VERSION.dll
0x00007ffa877e0000 - 0x00007ffa877f2000 	C:\Windows\SYSTEM32\kernel.appcore.dll
0x00007ffa836a0000 - 0x00007ffa836aa000 	C:\Users\Admin\.jdks\openjdk-19.0.2\bin\jimage.dll
0x00007ffa769d0000 - 0x00007ffa76bb4000 	C:\Windows\SYSTEM32\DBGHELP.DLL
0x00007ffa76940000 - 0x00007ffa76975000 	C:\Windows\SYSTEM32\dbgcore.DLL
0x00007ffa89260000 - 0x00007ffa892e2000 	C:\Windows\System32\bcryptPrimitives.dll
0x00007ffa79440000 - 0x00007ffa7944e000 	C:\Users\Admin\.jdks\openjdk-19.0.2\bin\instrument.dll
0x00007ffa6a230000 - 0x00007ffa6a256000 	C:\Users\Admin\.jdks\openjdk-19.0.2\bin\java.dll

dbghelp: loaded successfully - version: 4.0.5 - missing functions: none
symbol engine: initialized successfully - sym options: 0x614 - pdb path: .;C:\Users\Admin\.jdks\openjdk-19.0.2\bin;C:\Windows\SYSTEM32;C:\Windows\WinSxS\amd64_microsoft.windows.common-controls_6595b64144ccf1df_6.0.19041.1110_none_60b5254171f9507e;C:\Users\Admin\.jdks\openjdk-19.0.2\bin\server

VM Arguments:
jvm_args: -XX:TieredStopAtLevel=1 -Dspring.output.ansi.enabled=always -Dcom.sun.management.jmxremote -Dspring.jmx.enabled=true -Dspring.liveBeansView.mbeanDomain -Dspring.application.admin.enabled=true -Dmanagement.endpoints.jmx.exposure.include=* -javaagent:D:\int\lib\idea_rt.jar=6157:D:\int\bin -Dfile.encoding=UTF-8 -Dsun.stdout.encoding=UTF-8 -Dsun.stderr.encoding=UTF-8 
java_command: com.pma.afford.AffordabilityApplication
java_class_path (initial): D:\FinalRefactoredProject\group24\backend\target\classes;C:\Users\Admin\.m2\repository\org\springframework\boot\spring-boot-configuration-processor\3.0.2\spring-boot-configuration-processor-3.0.2.jar;C:\Users\Admin\.m2\repository\org\jsoup\jsoup\1.15.3\jsoup-1.15.3.jar;C:\Users\Admin\.m2\repository\org\apache\httpcomponents\httpcore\4.4.16\httpcore-4.4.16.jar;C:\Users\Admin\.m2\repository\org\apache\httpcomponents\httpclient\4.5.14\httpclient-4.5.14.jar;C:\Users\Admin\.m2\repository\commons-codec\commons-codec\1.15\commons-codec-1.15.jar;C:\Users\Admin\.m2\repository\com\google\code\gson\gson\2.10\gson-2.10.jar;C:\Users\Admin\.m2\repository\org\springframework\boot\spring-boot-starter-jdbc\3.0.2\spring-boot-starter-jdbc-3.0.2.jar;C:\Users\Admin\.m2\repository\org\springframework\boot\spring-boot-starter\3.0.2\spring-boot-starter-3.0.2.jar;C:\Users\Admin\.m2\repository\org\springframework\boot\spring-boot\3.0.2\spring-boot-3.0.2.jar;C:\Users\Admin\.m2\repository\org\springframework\boot\spring-boot-autoconfigure\3.0.2\spring-boot-autoconfigure-3.0.2.jar;C:\Users\Admin\.m2\repository\org\springframework\boot\spring-boot-starter-logging\3.0.2\spring-boot-starter-logging-3.0.2.jar;C:\Users\Admin\.m2\repository\ch\qos\logback\logback-classic\1.4.5\logback-classic-1.4.5.jar;C:\Users\Admin\.m2\repository\ch\qos\logback\logback-core\1.4.5\logback-core-1.4.5.jar;C:\Users\Admin\.m2\repository\org\apache\logging\log4j\log4j-to-slf4j\2.19.0\log4j-to-slf4j-2.19.0.jar;C:\Users\Admin\.m2\repository\org\apache\logging\log4j\log4j-api\2.19.0\log4j-api-2.19.0.jar;C:\Users\Admin\.m2\repository\org\slf4j\jul-to-slf4j\2.0.6\jul-to-slf4j-2.0.6.jar;C:\Users\Admin\.m2\repository\jakarta\annotation\jakarta.annotation-api\2.1.1\jakarta.annotation-api-2.1.1.jar;C:\Users\Admin\.m2\repository\org\yaml\snakeyaml\1.33\snakeyaml-1.33.jar;C:\Users\Admin\.m2\repository\com\zaxxer\HikariCP\5.0.1\HikariCP-5.0.1.jar;C:\Users\Admin\.m2\repository\org\slf4j\slf4j-api\2.0.6\slf4j-api-2.0.6.jar;C:\Users\Admin\.m2\repository\org\springframework\spring-jdbc\6.0.4\spring-jdbc-6.0.4.jar;C:\Users\Admin\.m2\repository\org\springframework\spring-tx\6.0.4\spring-tx-6.0.4.jar;C:\Users\Admin\.m2\repository\org\springframework\boot\spring-boot-starter-data-jpa\3.0.2\spring-boot-starter-data-jpa-3.0.2.jar;C:\Users\Admin\.m2\repository\org\springframework\boot\spring-boot-starter-aop\3.0.2\spring-boot-starter-aop-3.0.2.jar;C:\Users\Admin\.m2\repository\org\springframework\spring-aop\6.0.4\spring-aop-6.0.4.jar;C:\Users\Admin\.m2\repository\org\aspectj\aspectjweaver\1.9.19\aspectjweaver-1.9.19.jar;C:\Users\Admin\.m2\repository\org\hibernate\orm\hibernate-core\6.1.6.Final\hibernate-core-6.1.6.Final.jar;C:\Users\Admin\.m2\repository\jakarta\persistence\jakarta.persistence-api\3.1.0\jakarta.persistence-api-3.1.0.jar;C:\Users\Admin\.m2\repository\jakarta\transaction\jakarta.transaction-api\2.0.1\jakarta.transaction-api-2.0.1.jar;C:\Users\Admin\.m2\repository\org\jboss\logging\jboss-logging\3.5.0.Final\jboss-logging-3.5.0.Final.jar;C:\Users\Admin\.m2\repository\org\hibernate\common\hibernate-commons-annotations\6.0.2.Final\hibernate-commons-annotations-6.0.2.Final.jar;C:\Users\Admin\.m2\repository\org\jboss\jandex\2.4.2.Final\jandex-2.4.2.Final.jar;C:\Users\Admin\.m2\repository\com\fasterxml\classmate\1.5.1\classmate-1.5.1.jar;C:\Users\Admin\.m2\repository\net\bytebuddy\byte-buddy\1.12.22\byte-buddy-1.12.22.jar;C:\Users\Admin\.m2\repository\org\glassfish\jaxb\jaxb-runtime\4.0.1\jaxb-runtime-4.0.1.jar;C:\Users\Admin\.m2\repository\org\glassfish\jaxb\jaxb-core\4.0.1\jaxb-core-4.0.1.jar;C:\Users\Admin\.m2\repository\org\glassfish\jaxb\txw2\4.0.1\txw2-4.0.1.jar;C:\Users\Admin\.m2\repository\com\sun\istack\istack-commons-runtime\4.1.1\istack-commons-runtime-4.1.1.jar;C:\Users\Admin\.m2\repository\jakarta\inject\jakarta.inject-api\2.0.0\jakarta.inject-api-2.0.0.jar;C:\Users\Admin\.m2\repository\org\antlr\antlr4-runtime\4.10.1\antlr4-runtime-4.10.1.jar;C:\Users\Admin\.m2\repository\org\springframework\data\spring-data-jpa\3.0.1\spring-data-jpa-3.0.1.jar;C:\Users\Admin\.m2\repository\org\springframework\data\spring-data-commons\3.0.1\spring-data-commons-3.0.1.jar;C:\Users\Admin\.m2\repository\org\springframework\spring-orm\6.0.4\spring-orm-6.0.4.jar;C:\Users\Admin\.m2\repository\org\springframework\spring-context\6.0.4\spring-context-6.0.4.jar;C:\Users\Admin\.m2\repository\org\springframework\spring-aspects\6.0.4\spring-aspects-6.0.4.jar;C:\Users\Admin\.m2\repository\org\springframework\boot\spring-boot-starter-data-jdbc\3.0.2\spring-boot-starter-data-jdbc-3.0.2.jar;C:\Users\Admin\.m2\repository\org\springframework\data\spring-data-jdbc\3.0.1\spring-data-jdbc-3.0.1.jar;C:\Users\Admin\.m2\repository\org\springframework\data\spring-data-relational\3.0.1\spring-data-relational-3.0.1.jar;C:\Users\Admin\.m2\repository\org\springframework\boot\spring-boot-starter-oauth2-resource-server\3.0.2\spring-boot-starter-oauth2-resource-server-3.0.2.jar;C:\Users\Admin\.m2\repository\org\springframework\security\spring-security-config\6.0.1\spring-security-config-6.0.1.jar;C:\Users\Admin\.m2\repository\org\springframework\security\spring-security-core\6.0.1\spring-security-core-6.0.1.jar;C:\Users\Admin\.m2\repository\org\springframework\security\spring-security-crypto\6.0.1\spring-security-crypto-6.0.1.jar;C:\Users\Admin\.m2\repository\org\springframework\spring-expression\6.0.4\spring-expression-6.0.4.jar;C:\Users\Admin\.m2\repository\org\springframework\security\spring-security-oauth2-resource-server\6.0.1\spring-security-oauth2-resource-server-6.0.1.jar;C:\Users\Admin\.m2\repository\org\springframework\security\spring-security-oauth2-core\6.0.1\spring-security-oauth2-core-6.0.1.jar;C:\Users\Admin\.m2\repository\org\springframework\security\spring-security-web\6.0.1\spring-security-web-6.0.1.jar;C:\Users\Admin\.m2\repository\org\springframework\security\spring-security-oauth2-jose\6.0.1\spring-security-oauth2-jose-6.0.1.jar;C:\Users\Admin\.m2\repository\com\nimbusds\nimbus-jose-jwt\9.24.4\nimbus-jose-jwt-9.24.4.jar;C:\Users\Admin\.m2\repository\com\github\stephenc\jcip\jcip-annotations\1.0-1\jcip-annotations-1.0-1.jar;C:\Users\Admin\.m2\repository\org\springframework\boot\spring-boot-starter-web\3.0.2\spring-boot-starter-web-3.0.2.jar;C:\Users\Admin\.m2\repository\org\springframework\boot\spring-boot-starter-json\3.0.2\spring-boot-starter-json-3.0.2.jar;C:\Users\Admin\.m2\repository\com\fasterxml\jackson\core\jackson-databind\2.14.1\jackson-databind-2.14.1.jar;C:\Users\Admin\.m2\repository\com\fasterxml\jackson\core\jackson-annotations\2.14.1\jackson-annotations-2.14.1.jar;C:\Users\Admin\.m2\repository\com\fasterxml\jackson\core\jackson-core\2.14.1\jackson-core-2.14.1.jar;C:\Users\Admin\.m2\repository\com\fasterxml\jackson\datatype\jackson-datatype-jdk8\2.14.1\jackson-datatype-jdk8-2.14.1.jar;C:\Users\Admin\.m2\repository\com\fasterxml\jackson\datatype\jackson-datatype-jsr310\2.14.1\jackson-datatype-jsr310-2.14.1.jar;C:\Users\Admin\.m2\repository\com\fasterxml\jackson\module\jackson-module-parameter-names\2.14.1\jackson-module-parameter-names-2.14.1.jar;C:\Users\Admin\.m2\repository\org\springframework\boot\spring-boot-starter-tomcat\3.0.2\spring-boot-starter-tomcat-3.0.2.jar;C:\Users\Admin\.m2\repository\org\apache\tomcat\embed\tomcat-embed-core\10.1.5\tomcat-embed-core-10.1.5.jar;C:\Users\Admin\.m2\repository\org\apache\tomcat\embed\tomcat-embed-el\10.1.5\tomcat-embed-el-10.1.5.jar;C:\Users\Admin\.m2\repository\org\apache\tomcat\embed\tomcat-embed-websocket\10.1.5\tomcat-embed-websocket-10.1.5.jar;C:\Users\Admin\.m2\repository\org\springframework\spring-webmvc\6.0.4\spring-webmvc-6.0.4.jar;C:\Users\Admin\.m2\repository\com\mysql\mysql-connector-j\8.0.32\mysql-connector-j-8.0.32.jar;C:\Users\Admin\.m2\repository\org\springframework\spring-web\6.0.4\spring-web-6.0.4.jar;C:\Users\Admin\.m2\repository\org\springframework\spring-beans\6.0.4\spring-beans-6.0.4.jar;C:\Users\Admin\.m2\repository\org\springframework\spring-core\6.0.4\spring-core-6.0.4.jar;C:\Users\Admin\.m2\repository\org\springframework\spring-jcl\6.0.4\spring-jcl-6.0.4.jar;C:\Users\Admin\.m2\repository\io\micrometer\micrometer-observation\1.10.3\micrometer-observation-1.10.3.jar;C:\Users\Admin\.m2\repository\io\micrometer\micrometer-commons\1.10.3\micrometer-commons-1.10.3.jar;C:\Users\Admin\.m2\repository\jakarta\xml\bind\jakarta.xml.bind-api\4.0.0\jakarta.xml.bind-api-4.0.0.jar;C:\Users\Admin\.m2\repository\jakarta\activation\jakarta.activation-api\2.1.1\jakarta.activation-api-2.1.1.jar;C:\Users\Admin\.m2\repository\org\springframework\boot\spring-boot-starter-mail\3.0.2\spring-boot-starter-mail-3.0.2.jar;C:\Users\Admin\.m2\repository\org\springframework\spring-context-support\6.0.4\spring-context-support-6.0.4.jar;C:\Users\Admin\.m2\repository\org\eclipse\angus\jakarta.mail\1.0.0\jakarta.mail-1.0.0.jar;C:\Users\Admin\.m2\repository\org\eclipse\angus\angus-activation\1.0.0\angus-activation-1.0.0.jar
Launcher Type: SUN_STANDARD

[Global flags]
     intx CICompilerCount                          = 4                                         {product} {ergonomic}
     uint ConcGCThreads                            = 2                                         {product} {ergonomic}
     uint G1ConcRefinementThreads                  = 8                                         {product} {ergonomic}
   size_t G1HeapRegionSize                         = 1048576                                   {product} {ergonomic}
    uintx GCDrainStackTargetSize                   = 64                                        {product} {ergonomic}
   size_t InitialHeapSize                          = 134217728                                 {product} {ergonomic}
     bool ManagementServer                         = true                                      {product} {command line}
   size_t MarkStackSize                            = 4194304                                   {product} {ergonomic}
   size_t MaxHeapSize                              = 2122317824                                {product} {ergonomic}
   size_t MinHeapDeltaBytes                        = 1048576                                   {product} {ergonomic}
   size_t MinHeapSize                              = 8388608                                   {product} {ergonomic}
    uintx NonProfiledCodeHeapSize                  = 0                                      {pd product} {ergonomic}
     bool ProfileInterpreter                       = false                                  {pd product} {command line}
    uintx ProfiledCodeHeapSize                     = 0                                      {pd product} {ergonomic}
   size_t SoftMaxHeapSize                          = 2122317824                             {manageable} {ergonomic}
     intx TieredStopAtLevel                        = 1                                         {product} {command line}
     bool UseCompressedClassPointers               = true                           {product lp64_product} {ergonomic}
     bool UseCompressedOops                        = true                           {product lp64_product} {ergonomic}
     bool UseG1GC                                  = true                                      {product} {ergonomic}
     bool UseLargePagesIndividualAllocation        = false                                  {pd product} {ergonomic}

Logging:
Log output configuration:
 #0: stdout all=warning uptime,level,tags foldmultilines=false
 #1: stderr all=off uptime,level,tags foldmultilines=false

Environment Variables:
JAVA_HOME=C:\Program Files\Java\jdk-11.0.17
PATH=C:\Program Files (x86)\Intel\iCLS Client\;C:\Program Files\Intel\iCLS Client\;C:\Windows\system32;C:\Windows;C:\Windows\System32\Wbem;C:\Windows\System32\WindowsPowerShell\v1.0\;C:\Windows\System32\OpenSSH\;C:\Program Files (x86)\Intel\Intel(R) Management Engine Components\DAL;C:\Program Files\Intel\Intel(R) Management Engine Components\DAL;C:\Program Files (x86)\Intel\Intel(R) Management Engine Components\IPT;C:\Program Files\Intel\Intel(R) Management Engine Components\IPT;C:\Program Files\Microsoft\Web Platform Installer\;C:\Program Files (x86)\Microsoft ASP.NET\ASP.NET Web Pages\v1.0\;C:\Program Files\Microsoft SQL Server\110\Tools\Binn\;C:\Program Files\Microsoft SQL Server\Client SDK\ODBC\170\Tools\Binn\;C:\Program Files (x86)\Microsoft SQL Server\150\Tools\Binn\;C:\Program Files\Microsoft SQL Server\150\Tools\Binn\;C:\Program Files\Microsoft SQL Server\150\DTS\Binn\;C:\Program Files\Azure Data Studio\bin;C:\Program Files\dotnet\;C:\Program Files\Microsoft SQL Server\130\Tools\Binn\;C:\Android;C:\Program Files\Git\cmd;C:\Program Files\PuTTY\;C:\apache-maven-3.8.7\bin;C:\ProgramData\chocolatey\bin;C:\Program Files\Amazon\AWSCLIV2\;C:\Program Files\Java\jdk-11.0.17\bin;C:\Program Files\MySQL\MySQL Shell 8.0\bin\;C:\Users\Admin\AppData\Local\Microsoft\WindowsApps;C:\Program Files\Azure Data Studio\bin;C:\Users\Admin\.dotnet\tools;C:\Program Files\JetBrains\IntelliJ IDEA Community Edition 2022.2.2\bin;;D:\int\bin;;C:\Users\Admin\AppData\Local\Programs\Microsoft VS Code\bin
USERNAME=Admin
OS=Windows_NT
PROCESSOR_IDENTIFIER=Intel64 Family 6 Model 58 Stepping 9, GenuineIntel
TMP=C:\Users\Admin\AppData\Local\Temp
TEMP=C:\Users\Admin\AppData\Local\Temp



---------------  S Y S T E M  ---------------

OS:
 Windows 10 , 64 bit Build 19041 (10.0.19041.2546)
OS uptime: 5 days 4:29 hours

CPU: total 8 (initial active 8) (4 cores per cpu, 2 threads per core) family 6 model 58 stepping 9 microcode 0x21, cx8, cmov, fxsr, ht, mmx, sse, sse2, sse3, ssse3, sse4.1, sse4.2, popcnt, tsc, tscinvbit, avx, aes, erms, clmul, vzeroupper, clflush, rdtscp

Memory: 4k page, system-wide physical 8094M (734M free)
TotalPageFile size 17934M (AvailPageFile size 15M)
current process WorkingSet (physical memory assigned to process): 10M, peak: 10M
current process commit charge ("private bytes"): 55M, peak: 183M

vm_info: OpenJDK 64-Bit Server VM (19.0.2+7-44) for windows-amd64 JRE (19.0.2+7-44), built on 2022-11-30T18:02:09Z by "mach5one" with MS VC++ 17.1 (VS2022)

END.
